
2018-10-17 12:30:24---------------------------------------------
asdf
2018-10-17 12:30:56---------------------------------------------
asdf
2018-10-17 12:31:00---------------------------------------------
asdf
2018-10-17 12:31:08---------------------------------------------
asdf
2018-10-17 12:31:15---------------------------------------------
asdf
2018-10-17 12:38:42---------------------------------------------
test
2018-10-17 12:53:19---------------------------------------------
test
2018-10-17 12:54:34---------------------------------------------
test
2018-10-17 12:54:36---------------------------------------------
test
2018-10-17 12:54:37---------------------------------------------
test
2018-10-17 12:56:28---------------------------------------------
test
2018-10-17 12:56:40---------------------------------------------
test
2018-10-17 12:56:43---------------------------------------------
test
2018-10-17 12:56:43---------------------------------------------
test
2018-10-17 12:58:35---------------------------------------------
test
2018-10-17 12:58:52---------------------------------------------
test
2018-10-17 12:58:53---------------------------------------------
test
2018-10-17 12:58:53---------------------------------------------
test
2018-10-17 12:58:54---------------------------------------------
test
2018-10-17 12:58:54---------------------------------------------
test
2018-10-17 12:58:54---------------------------------------------
test
2018-10-17 12:59:36---------------------------------------------
test
2018-10-17 12:59:52---------------------------------------------
test
2018-10-17 13:00:20---------------------------------------------
test
2018-10-17 13:02:18---------------------------------------------
test
2018-10-17 13:02:42---------------------------------------------
test
2018-10-17 13:03:18---------------------------------------------
test
2018-10-17 13:04:25---------------------------------------------
test
2018-10-17 13:11:26---------------------------------------------
test
2018-10-17 13:11:32---------------------------------------------
test
2018-10-17 13:20:58---------------------------------------------
helper
2018-10-17 14:47:39---------------------------------------------
helper
2018-10-17 15:09:17---------------------------------------------
helper
2018-10-17 15:16:13---------------------------------------------
helper
2018-10-17 15:25:30---------------------------------------------
helper
2018-10-17 15:27:07---------------------------------------------
helper
2018-10-17 15:30:17---------------------------------------------
helper
2018-10-17 15:30:41---------------------------------------------
helper
2018-10-17 15:31:28---------------------------------------------
helper
2018-10-17 15:31:30---------------------------------------------
helper
2018-10-17 15:31:46---------------------------------------------
helper
2018-10-17 15:32:22---------------------------------------------
helper
2018-10-17 15:32:53---------------------------------------------
helper
2018-10-17 15:34:45---------------------------------------------
helper
2018-10-17 15:34:47---------------------------------------------
helper
2018-10-17 15:35:38---------------------------------------------
helper
2018-10-17 15:36:17---------------------------------------------
helper
2018-10-17 15:37:08---------------------------------------------
helper
2018-10-17 15:37:33---------------------------------------------
helper
2018-10-17 15:39:15---------------------------------------------
helper
2018-10-18 10:14:18---------------------------------------------
IndexController@index
2018-10-18 10:14:30---------------------------------------------
IndexController@index
2018-10-18 10:14:56---------------------------------------------
IndexController@index
2018-10-18 10:15:17---------------------------------------------
IndexController@index
2018-10-18 10:15:34---------------------------------------------
IndexController@index
2018-10-18 10:15:52---------------------------------------------
IndexController@index
2018-10-18 10:16:31---------------------------------------------
IndexController@index
2018-10-18 10:16:40---------------------------------------------
IndexController@index
2018-10-18 10:16:52---------------------------------------------
IndexController@index
2018-10-18 10:17:45---------------------------------------------
IndexController@index
2018-10-18 10:19:49---------------------------------------------
IndexController@index
2018-10-18 10:19:54---------------------------------------------
IndexController@index
2018-10-18 10:21:45---------------------------------------------
IndexController@index
2018-10-18 10:22:18---------------------------------------------
IndexController@index
2018-10-18 10:22:44---------------------------------------------
IndexController@index
2018-10-18 10:22:51---------------------------------------------
IndexController@index
2018-10-18 10:25:49---------------------------------------------
IndexController@index
2018-10-18 10:25:56---------------------------------------------
IndexController@index
2018-10-18 10:26:28---------------------------------------------
IndexController@index
2018-10-18 10:26:32---------------------------------------------
IndexController@index
2018-10-18 10:27:00---------------------------------------------
IndexController@index
2018-10-18 10:27:02---------------------------------------------
IndexController@index
2018-10-18 10:27:44---------------------------------------------
IndexController@index
2018-10-18 10:27:49---------------------------------------------
IndexController@index
2018-10-18 10:29:19---------------------------------------------
IndexController@index
2018-10-18 10:30:22---------------------------------------------
IndexController@index
2018-10-18 10:30:45---------------------------------------------
IndexController@index
2018-10-18 10:31:04---------------------------------------------
IndexController@index
2018-10-18 10:31:15---------------------------------------------
IndexController@index
2018-10-18 10:35:15---------------------------------------------
IndexController@index
2018-10-18 10:35:18---------------------------------------------
IndexController@index
2018-10-18 10:35:30---------------------------------------------
IndexController@index
2018-10-18 10:35:35---------------------------------------------
IndexController@index
2018-10-18 10:41:37---------------------------------------------
IndexController@index
2018-10-18 10:42:26---------------------------------------------
IndexController@index
2018-10-18 10:42:37---------------------------------------------
IndexController@index
2018-10-18 10:43:01---------------------------------------------
IndexController@index
2018-10-18 10:44:04---------------------------------------------
IndexController@index
2018-10-18 10:44:36---------------------------------------------
IndexController@index
2018-10-18 10:44:46---------------------------------------------
IndexController@index
2018-10-18 10:44:58---------------------------------------------
IndexController@index
2018-10-18 10:45:06---------------------------------------------
IndexController@index
2018-10-18 10:45:38---------------------------------------------
IndexController@index
2018-10-18 10:45:46---------------------------------------------
IndexController@index
2018-10-18 10:45:55---------------------------------------------
IndexController@index
2018-10-18 10:46:01---------------------------------------------
IndexController@index
2018-10-18 10:46:39---------------------------------------------
IndexController@index
2018-10-18 10:48:33---------------------------------------------
IndexController@index
2018-10-18 10:48:35---------------------------------------------
IndexController@index
2018-10-18 10:48:59---------------------------------------------
IndexController@index
2018-10-18 10:49:08---------------------------------------------
IndexController@index
2018-10-18 10:49:17---------------------------------------------
IndexController@index
2018-10-18 10:49:25---------------------------------------------
IndexController@index
2018-10-18 10:49:30---------------------------------------------
IndexController@index
2018-10-18 10:52:28---------------------------------------------
IndexController@index
2018-10-18 10:53:03---------------------------------------------
IndexController@index
2018-10-18 10:54:09---------------------------------------------
IndexController@index
2018-10-18 10:54:18---------------------------------------------
IndexController@index
2018-10-18 10:55:30---------------------------------------------
IndexController@index
2018-10-18 10:56:10---------------------------------------------
IndexController@index
2018-10-18 10:56:30---------------------------------------------
IndexController@index
2018-10-18 10:58:41---------------------------------------------
IndexController@index
2018-10-18 10:58:43---------------------------------------------
IndexController@index
2018-10-18 11:05:52---------------------------------------------
IndexController@index
2018-10-18 11:06:17---------------------------------------------
IndexController@index
2018-10-18 16:16:04---------------------------------------------
IndexController@index
2018-10-18 16:16:15---------------------------------------------
IndexController@index